\BOOKMARK [0][-]{chapter*.1}{Abstract}{}% 1
\BOOKMARK [0][-]{chapter*.3}{Contents}{}% 2
\BOOKMARK [0][-]{chapter*.4}{List of Figures}{}% 3
\BOOKMARK [0][-]{chapter*.5}{List of Tables}{}% 4
\BOOKMARK [0][-]{chapter*.6}{Listings}{}% 5
\BOOKMARK [0][-]{chapter.1}{Motivation and Problem Definition}{}% 6
\BOOKMARK [1][-]{section.1.1}{Motivation}{chapter.1}% 7
\BOOKMARK [1][-]{section.1.2}{Problem Definition}{chapter.1}% 8
\BOOKMARK [2][-]{subsection.1.2.1}{Transaction Transparency}{section.1.2}% 9
\BOOKMARK [2][-]{subsection.1.2.2}{Queries on Append-only Temporal Database}{section.1.2}% 10
\BOOKMARK [1][-]{section.1.3}{Thesis Statement and Contributions}{chapter.1}% 11
\BOOKMARK [1][-]{section.1.4}{Outline of the Thesis}{chapter.1}% 12
\BOOKMARK [0][-]{chapter.2}{Background Knowledge}{}% 13
\BOOKMARK [1][-]{section.2.1}{Relational Database}{chapter.2}% 14
\BOOKMARK [1][-]{section.2.2}{Cryptography}{chapter.2}% 15
\BOOKMARK [1][-]{section.2.3}{Blockchain}{chapter.2}% 16
\BOOKMARK [2][-]{subsection.2.3.1}{hash pointers}{section.2.3}% 17
\BOOKMARK [2][-]{subsection.2.3.2}{Components of a Block}{section.2.3}% 18
\BOOKMARK [0][-]{chapter.3}{Approach}{}% 19
\BOOKMARK [1][-]{section.3.1}{Overview}{chapter.3}% 20
\BOOKMARK [1][-]{section.3.2}{Creating Temporal database}{chapter.3}% 21
\BOOKMARK [2][-]{subsection.3.2.1}{Auditing}{section.3.2}% 22
\BOOKMARK [2][-]{subsection.3.2.2}{Large query handling On the Audit Tables}{section.3.2}% 23
\BOOKMARK [2][-]{subsection.3.2.3}{Materialization of Snapshots}{section.3.2}% 24
\BOOKMARK [1][-]{section.3.3}{Applying cryptography}{chapter.3}% 25
\BOOKMARK [2][-]{subsection.3.3.1}{Signing Transactions}{section.3.3}% 26
\BOOKMARK [2][-]{subsection.3.3.2}{Signature validation for submitted transactions}{section.3.3}% 27
\BOOKMARK [1][-]{section.3.4}{Blockchain}{chapter.3}% 28
\BOOKMARK [2][-]{subsection.3.4.1}{Creating Blocks}{section.3.4}% 29
\BOOKMARK [2][-]{subsection.3.4.2}{Block Validation}{section.3.4}% 30
\BOOKMARK [2][-]{subsection.3.4.3}{Proof of work for records}{section.3.4}% 31
\BOOKMARK [2][-]{subsection.3.4.4}{report fake data}{section.3.4}% 32
\BOOKMARK [0][-]{chapter.4}{Experiments}{}% 33
\BOOKMARK [0][-]{chapter.5}{Discussion and Conclusion}{}% 34
\BOOKMARK [0][-]{chapter.6}{Conclusions}{}% 35
\BOOKMARK [0][-]{chapter*.16}{Bibliography}{}% 36
